Mon Oct  3 14:40:54 2022 [31m[49mCommand: (TimeoutException) Message: [30mMon Oct  3 14:40:54 2022 Command: (TimeoutException) Message: 

[31m[49mTraceback (most recent call last):
  File "C:\Users\Admin\PycharmProjects\parsing\parse_module\utils\provision.py", line 105, in _tryfunc
    result = func(*args, **kwargs)
  File "C:\Users\Admin\PycharmProjects\parsing\parse_module\console\scheme.py", line 40, in handle_scheme
    concat_sectors(scheme, *args)
  File "C:\Users\Admin\PycharmProjects\parsing\parse_module\console\scheme.py", line 93, in concat_sectors
    constructing.change_outline(constructor, main_sector_id)
  File "C:\Users\Admin\PycharmProjects\parsing\parse_module\console\constructing.py", line 84, in change_outline
    driver.expl_wait('xpath', class_names)
  File "C:\Users\Admin\PycharmProjects\parsing\parse_module\drivers\selenium.py", line 81, in expl_wait
    WebDriverWait(self, wait_time).until(valued_condition)
  File "C:\Users\Admin\PycharmProjects\parsing\Envs\lib\site-packages\selenium\webdriver\support\wait.py", line 80, in until
    raise TimeoutException(message, screen, stacktrace)
selenium.common.exceptions.TimeoutException: Message: 

[30m
[33m[49m | . ∆ду 0.5с[30m
Mon Oct  3 14:43:41 2022 [31m[49mCommand: (WebDriverException) Message: unknown error: stopper is not defined[30mMon Oct  3 14:43:41 2022 Command: (WebDriverException) Message: unknown error: stopper is not defined
  (Session info: chrome=106.0.5249.91)
  (Driver info: chromedriver=2.42.591088 (7b2b2dca23cca0862f674758c9a3933e685c27d5),platform=Windows NT 10.0.19041 x86_64)

[31m[49mTraceback (most recent call last):
  File "C:\Users\Admin\PycharmProjects\parsing\parse_module\utils\provision.py", line 105, in _tryfunc
    result = func(*args, **kwargs)
  File "C:\Users\Admin\PycharmProjects\parsing\parse_module\console\scheme.py", line 40, in handle_scheme
    concat_sectors(scheme, *args)
  File "C:\Users\Admin\PycharmProjects\parsing\parse_module\console\scheme.py", line 93, in concat_sectors
    constructing.change_outline(constructor, main_sector_id)
  File "C:\Users\Admin\PycharmProjects\parsing\parse_module\console\constructing.py", line 94, in change_outline
    outline = get_textfield(driver, textarea)
  File "C:\Users\Admin\PycharmProjects\parsing\parse_module\console\constructing.py", line 100, in get_textfield
    if driver.execute_script("return stopper;"):
  File "C:\Users\Admin\PycharmProjects\parsing\Envs\lib\site-packages\selenium\webdriver\remote\webdriver.py", line 634, in execute_script
    return self.execute(command, {
  File "C:\Users\Admin\PycharmProjects\parsing\Envs\lib\site-packages\selenium\webdriver\remote\webdriver.py", line 321, in execute
    self.error_handler.check_response(response)
  File "C:\Users\Admin\PycharmProjects\parsing\Envs\lib\site-packages\selenium\webdriver\remote\errorhandler.py", line 242, in check_response
    raise exception_class(message, screen, stacktrace)
selenium.common.exceptions.WebDriverException: Message: unknown error: stopper is not defined
  (Session info: chrome=106.0.5249.91)
  (Driver info: chromedriver=2.42.591088 (7b2b2dca23cca0862f674758c9a3933e685c27d5),platform=Windows NT 10.0.19041 x86_64)

[30m
[33m[49m | . ∆ду 0.5с[30m
Mon Oct  3 14:44:37 2022 [31m[49mCommand: (WebDriverException) Message: unknown error: Runtime.evaluate threw exception: SyntaxError: Unexpected number[30mMon Oct  3 14:44:37 2022 Command: (WebDriverException) Message: unknown error: Runtime.evaluate threw exception: SyntaxError: Unexpected number
  (Session info: chrome=106.0.5249.91)
  (Driver info: chromedriver=2.42.591088 (7b2b2dca23cca0862f674758c9a3933e685c27d5),platform=Windows NT 10.0.19041 x86_64)

[31m[49mTraceback (most recent call last):
  File "C:\Users\Admin\PycharmProjects\parsing\parse_module\utils\provision.py", line 105, in _tryfunc
    result = func(*args, **kwargs)
  File "C:\Users\Admin\PycharmProjects\parsing\parse_module\console\scheme.py", line 40, in handle_scheme
    concat_sectors(scheme, *args)
  File "C:\Users\Admin\PycharmProjects\parsing\parse_module\console\scheme.py", line 93, in concat_sectors
    constructing.change_outline(constructor, main_sector_id)
  File "C:\Users\Admin\PycharmProjects\parsing\parse_module\console\constructing.py", line 92, in change_outline
    driver.execute_script(f'arguments[0].value = {outline};', textarea)
  File "C:\Users\Admin\PycharmProjects\parsing\Envs\lib\site-packages\selenium\webdriver\remote\webdriver.py", line 634, in execute_script
    return self.execute(command, {
  File "C:\Users\Admin\PycharmProjects\parsing\Envs\lib\site-packages\selenium\webdriver\remote\webdriver.py", line 321, in execute
    self.error_handler.check_response(response)
  File "C:\Users\Admin\PycharmProjects\parsing\Envs\lib\site-packages\selenium\webdriver\remote\errorhandler.py", line 242, in check_response
    raise exception_class(message, screen, stacktrace)
selenium.common.exceptions.WebDriverException: Message: unknown error: Runtime.evaluate threw exception: SyntaxError: Unexpected number
  (Session info: chrome=106.0.5249.91)
  (Driver info: chromedriver=2.42.591088 (7b2b2dca23cca0862f674758c9a3933e685c27d5),platform=Windows NT 10.0.19041 x86_64)

[30m
[33m[49m | . ∆ду 0.5с[30m
Mon Oct  3 14:45:47 2022 [31m[49mCommand: (WebDriverException) Message: unknown error: stopper is not defined[30mMon Oct  3 14:45:47 2022 Command: (WebDriverException) Message: unknown error: stopper is not defined
  (Session info: chrome=106.0.5249.91)
  (Driver info: chromedriver=2.42.591088 (7b2b2dca23cca0862f674758c9a3933e685c27d5),platform=Windows NT 10.0.19041 x86_64)

[31m[49mTraceback (most recent call last):
  File "C:\Users\Admin\PycharmProjects\parsing\parse_module\utils\provision.py", line 105, in _tryfunc
    result = func(*args, **kwargs)
  File "C:\Users\Admin\PycharmProjects\parsing\parse_module\console\scheme.py", line 40, in handle_scheme
    concat_sectors(scheme, *args)
  File "C:\Users\Admin\PycharmProjects\parsing\parse_module\console\scheme.py", line 93, in concat_sectors
    constructing.change_outline(constructor, main_sector_id)
  File "C:\Users\Admin\PycharmProjects\parsing\parse_module\console\constructing.py", line 94, in change_outline
    outline = get_textfield(driver, textarea)
  File "C:\Users\Admin\PycharmProjects\parsing\parse_module\console\constructing.py", line 100, in get_textfield
    if driver.execute_script("return stopper;"):
  File "C:\Users\Admin\PycharmProjects\parsing\Envs\lib\site-packages\selenium\webdriver\remote\webdriver.py", line 634, in execute_script
    return self.execute(command, {
  File "C:\Users\Admin\PycharmProjects\parsing\Envs\lib\site-packages\selenium\webdriver\remote\webdriver.py", line 321, in execute
    self.error_handler.check_response(response)
  File "C:\Users\Admin\PycharmProjects\parsing\Envs\lib\site-packages\selenium\webdriver\remote\errorhandler.py", line 242, in check_response
    raise exception_class(message, screen, stacktrace)
selenium.common.exceptions.WebDriverException: Message: unknown error: stopper is not defined
  (Session info: chrome=106.0.5249.91)
  (Driver info: chromedriver=2.42.591088 (7b2b2dca23cca0862f674758c9a3933e685c27d5),platform=Windows NT 10.0.19041 x86_64)

[30m
[33m[49m | . ∆ду 0.5с[30m
Mon Oct  3 14:46:20 2022 [31m[49mCommand: (WebDriverException) Message: unknown error: stopper is not defined[30mMon Oct  3 14:46:20 2022 Command: (WebDriverException) Message: unknown error: stopper is not defined
  (Session info: chrome=106.0.5249.91)
  (Driver info: chromedriver=2.42.591088 (7b2b2dca23cca0862f674758c9a3933e685c27d5),platform=Windows NT 10.0.19041 x86_64)

[31m[49mTraceback (most recent call last):
  File "C:\Users\Admin\PycharmProjects\parsing\parse_module\utils\provision.py", line 105, in _tryfunc
    result = func(*args, **kwargs)
  File "C:\Users\Admin\PycharmProjects\parsing\parse_module\console\scheme.py", line 40, in handle_scheme
    concat_sectors(scheme, *args)
  File "C:\Users\Admin\PycharmProjects\parsing\parse_module\console\scheme.py", line 93, in concat_sectors
    constructing.change_outline(constructor, main_sector_id)
  File "C:\Users\Admin\PycharmProjects\parsing\parse_module\console\constructing.py", line 94, in change_outline
    outline = get_textfield(driver, textarea)
  File "C:\Users\Admin\PycharmProjects\parsing\parse_module\console\constructing.py", line 100, in get_textfield
    if driver.execute_script("return stopper;"):
  File "C:\Users\Admin\PycharmProjects\parsing\Envs\lib\site-packages\selenium\webdriver\remote\webdriver.py", line 634, in execute_script
    return self.execute(command, {
  File "C:\Users\Admin\PycharmProjects\parsing\Envs\lib\site-packages\selenium\webdriver\remote\webdriver.py", line 321, in execute
    self.error_handler.check_response(response)
  File "C:\Users\Admin\PycharmProjects\parsing\Envs\lib\site-packages\selenium\webdriver\remote\errorhandler.py", line 242, in check_response
    raise exception_class(message, screen, stacktrace)
selenium.common.exceptions.WebDriverException: Message: unknown error: stopper is not defined
  (Session info: chrome=106.0.5249.91)
  (Driver info: chromedriver=2.42.591088 (7b2b2dca23cca0862f674758c9a3933e685c27d5),platform=Windows NT 10.0.19041 x86_64)

[30m
[33m[49m | . ∆ду 0.5с[30m
Mon Oct  3 14:47:00 2022 [31m[49mCommand: (WebDriverException) Message: unknown error: stopper is not defined[30mMon Oct  3 14:47:00 2022 Command: (WebDriverException) Message: unknown error: stopper is not defined
  (Session info: chrome=106.0.5249.91)
  (Driver info: chromedriver=2.42.591088 (7b2b2dca23cca0862f674758c9a3933e685c27d5),platform=Windows NT 10.0.19041 x86_64)

[31m[49mTraceback (most recent call last):
  File "C:\Users\Admin\PycharmProjects\parsing\parse_module\utils\provision.py", line 105, in _tryfunc
    result = func(*args, **kwargs)
  File "C:\Users\Admin\PycharmProjects\parsing\parse_module\console\scheme.py", line 40, in handle_scheme
    concat_sectors(scheme, *args)
  File "C:\Users\Admin\PycharmProjects\parsing\parse_module\console\scheme.py", line 93, in concat_sectors
    constructing.change_outline(constructor, main_sector_id)
  File "C:\Users\Admin\PycharmProjects\parsing\parse_module\console\constructing.py", line 94, in change_outline
    outline = get_textfield(driver, textarea)
  File "C:\Users\Admin\PycharmProjects\parsing\parse_module\console\constructing.py", line 100, in get_textfield
    if driver.execute_script("return stopper;"):
  File "C:\Users\Admin\PycharmProjects\parsing\Envs\lib\site-packages\selenium\webdriver\remote\webdriver.py", line 634, in execute_script
    return self.execute(command, {
  File "C:\Users\Admin\PycharmProjects\parsing\Envs\lib\site-packages\selenium\webdriver\remote\webdriver.py", line 321, in execute
    self.error_handler.check_response(response)
  File "C:\Users\Admin\PycharmProjects\parsing\Envs\lib\site-packages\selenium\webdriver\remote\errorhandler.py", line 242, in check_response
    raise exception_class(message, screen, stacktrace)
selenium.common.exceptions.WebDriverException: Message: unknown error: stopper is not defined
  (Session info: chrome=106.0.5249.91)
  (Driver info: chromedriver=2.42.591088 (7b2b2dca23cca0862f674758c9a3933e685c27d5),platform=Windows NT 10.0.19041 x86_64)

[30m
[33m[49m | . ∆ду 0.5с[30m
Mon Oct  3 14:47:41 2022 [31m[49mCommand: (WebDriverException) Message: unknown error: stopper is not defined[30mMon Oct  3 14:47:41 2022 Command: (WebDriverException) Message: unknown error: stopper is not defined
  (Session info: chrome=106.0.5249.91)
  (Driver info: chromedriver=2.42.591088 (7b2b2dca23cca0862f674758c9a3933e685c27d5),platform=Windows NT 10.0.19041 x86_64)

[31m[49mTraceback (most recent call last):
  File "C:\Users\Admin\PycharmProjects\parsing\parse_module\utils\provision.py", line 105, in _tryfunc
    result = func(*args, **kwargs)
  File "C:\Users\Admin\PycharmProjects\parsing\parse_module\console\scheme.py", line 40, in handle_scheme
    concat_sectors(scheme, *args)
  File "C:\Users\Admin\PycharmProjects\parsing\parse_module\console\scheme.py", line 93, in concat_sectors
    constructing.change_outline(constructor, main_sector_id)
  File "C:\Users\Admin\PycharmProjects\parsing\parse_module\console\constructing.py", line 94, in change_outline
    outline = get_textfield(driver, textarea)
  File "C:\Users\Admin\PycharmProjects\parsing\parse_module\console\constructing.py", line 100, in get_textfield
    if driver.execute_script("return stopper;"):
  File "C:\Users\Admin\PycharmProjects\parsing\Envs\lib\site-packages\selenium\webdriver\remote\webdriver.py", line 634, in execute_script
    return self.execute(command, {
  File "C:\Users\Admin\PycharmProjects\parsing\Envs\lib\site-packages\selenium\webdriver\remote\webdriver.py", line 321, in execute
    self.error_handler.check_response(response)
  File "C:\Users\Admin\PycharmProjects\parsing\Envs\lib\site-packages\selenium\webdriver\remote\errorhandler.py", line 242, in check_response
    raise exception_class(message, screen, stacktrace)
selenium.common.exceptions.WebDriverException: Message: unknown error: stopper is not defined
  (Session info: chrome=106.0.5249.91)
  (Driver info: chromedriver=2.42.591088 (7b2b2dca23cca0862f674758c9a3933e685c27d5),platform=Windows NT 10.0.19041 x86_64)

[30m
[33m[49m | . ∆ду 0.5с[30m
Mon Oct  3 14:48:04 2022 [31m[49mCommand: (WebDriverException) Message: unknown error: stopper is not defined[30mMon Oct  3 14:48:04 2022 Command: (WebDriverException) Message: unknown error: stopper is not defined
  (Session info: chrome=106.0.5249.91)
  (Driver info: chromedriver=2.42.591088 (7b2b2dca23cca0862f674758c9a3933e685c27d5),platform=Windows NT 10.0.19041 x86_64)

[31m[49mTraceback (most recent call last):
  File "C:\Users\Admin\PycharmProjects\parsing\parse_module\utils\provision.py", line 105, in _tryfunc
    result = func(*args, **kwargs)
  File "C:\Users\Admin\PycharmProjects\parsing\parse_module\console\scheme.py", line 40, in handle_scheme
    concat_sectors(scheme, *args)
  File "C:\Users\Admin\PycharmProjects\parsing\parse_module\console\scheme.py", line 93, in concat_sectors
    constructing.change_outline(constructor, main_sector_id)
  File "C:\Users\Admin\PycharmProjects\parsing\parse_module\console\constructing.py", line 95, in change_outline
    outline = get_textfield(driver, textarea)
  File "C:\Users\Admin\PycharmProjects\parsing\parse_module\console\constructing.py", line 101, in get_textfield
    if driver.execute_script("return stopper;"):
  File "C:\Users\Admin\PycharmProjects\parsing\Envs\lib\site-packages\selenium\webdriver\remote\webdriver.py", line 634, in execute_script
    return self.execute(command, {
  File "C:\Users\Admin\PycharmProjects\parsing\Envs\lib\site-packages\selenium\webdriver\remote\webdriver.py", line 321, in execute
    self.error_handler.check_response(response)
  File "C:\Users\Admin\PycharmProjects\parsing\Envs\lib\site-packages\selenium\webdriver\remote\errorhandler.py", line 242, in check_response
    raise exception_class(message, screen, stacktrace)
selenium.common.exceptions.WebDriverException: Message: unknown error: stopper is not defined
  (Session info: chrome=106.0.5249.91)
  (Driver info: chromedriver=2.42.591088 (7b2b2dca23cca0862f674758c9a3933e685c27d5),platform=Windows NT 10.0.19041 x86_64)

[30m
[33m[49m | . ∆ду 0.5с[30m
Mon Oct  3 14:49:32 2022 [31m[49mCommand: (WebDriverException) Message: unknown error: stopper is not defined[30mMon Oct  3 14:49:32 2022 Command: (WebDriverException) Message: unknown error: stopper is not defined
  (Session info: chrome=106.0.5249.91)
  (Driver info: chromedriver=2.42.591088 (7b2b2dca23cca0862f674758c9a3933e685c27d5),platform=Windows NT 10.0.19041 x86_64)

[31m[49mTraceback (most recent call last):
  File "C:\Users\Admin\PycharmProjects\parsing\parse_module\utils\provision.py", line 105, in _tryfunc
    result = func(*args, **kwargs)
  File "C:\Users\Admin\PycharmProjects\parsing\parse_module\console\scheme.py", line 40, in handle_scheme
    concat_sectors(scheme, *args)
  File "C:\Users\Admin\PycharmProjects\parsing\parse_module\console\scheme.py", line 93, in concat_sectors
    constructing.change_outline(constructor, main_sector_id)
  File "C:\Users\Admin\PycharmProjects\parsing\parse_module\console\constructing.py", line 95, in change_outline
    outline = get_textfield(driver, textarea)
  File "C:\Users\Admin\PycharmProjects\parsing\parse_module\console\constructing.py", line 101, in get_textfield
    if driver.execute_script("return stopper;"):
  File "C:\Users\Admin\PycharmProjects\parsing\Envs\lib\site-packages\selenium\webdriver\remote\webdriver.py", line 634, in execute_script
    return self.execute(command, {
  File "C:\Users\Admin\PycharmProjects\parsing\Envs\lib\site-packages\selenium\webdriver\remote\webdriver.py", line 321, in execute
    self.error_handler.check_response(response)
  File "C:\Users\Admin\PycharmProjects\parsing\Envs\lib\site-packages\selenium\webdriver\remote\errorhandler.py", line 242, in check_response
    raise exception_class(message, screen, stacktrace)
selenium.common.exceptions.WebDriverException: Message: unknown error: stopper is not defined
  (Session info: chrome=106.0.5249.91)
  (Driver info: chromedriver=2.42.591088 (7b2b2dca23cca0862f674758c9a3933e685c27d5),platform=Windows NT 10.0.19041 x86_64)

[30m
[33m[49m | . ∆ду 0.5с[30m
Mon Oct  3 14:50:21 2022 [31m[49mCommand: (WebDriverException) Message: unknown error: stopper is not defined[30mMon Oct  3 14:50:21 2022 Command: (WebDriverException) Message: unknown error: stopper is not defined
  (Session info: chrome=106.0.5249.91)
  (Driver info: chromedriver=2.42.591088 (7b2b2dca23cca0862f674758c9a3933e685c27d5),platform=Windows NT 10.0.19041 x86_64)

[31m[49mTraceback (most recent call last):
  File "C:\Users\Admin\PycharmProjects\parsing\parse_module\utils\provision.py", line 105, in _tryfunc
    result = func(*args, **kwargs)
  File "C:\Users\Admin\PycharmProjects\parsing\parse_module\console\scheme.py", line 40, in handle_scheme
    concat_sectors(scheme, *args)
  File "C:\Users\Admin\PycharmProjects\parsing\parse_module\console\scheme.py", line 93, in concat_sectors
    constructing.change_outline(constructor, main_sector_id)
  File "C:\Users\Admin\PycharmProjects\parsing\parse_module\console\constructing.py", line 96, in change_outline
    outline = get_textfield(driver, textarea)
  File "C:\Users\Admin\PycharmProjects\parsing\parse_module\console\constructing.py", line 102, in get_textfield
    if driver.execute_script("return stopper;"):
  File "C:\Users\Admin\PycharmProjects\parsing\Envs\lib\site-packages\selenium\webdriver\remote\webdriver.py", line 634, in execute_script
    return self.execute(command, {
  File "C:\Users\Admin\PycharmProjects\parsing\Envs\lib\site-packages\selenium\webdriver\remote\webdriver.py", line 321, in execute
    self.error_handler.check_response(response)
  File "C:\Users\Admin\PycharmProjects\parsing\Envs\lib\site-packages\selenium\webdriver\remote\errorhandler.py", line 242, in check_response
    raise exception_class(message, screen, stacktrace)
selenium.common.exceptions.WebDriverException: Message: unknown error: stopper is not defined
  (Session info: chrome=106.0.5249.91)
  (Driver info: chromedriver=2.42.591088 (7b2b2dca23cca0862f674758c9a3933e685c27d5),platform=Windows NT 10.0.19041 x86_64)

[30m
[33m[49m | . ∆ду 0.5с[30m
Mon Oct  3 14:52:14 2022 [31m[49mCommand: (WebDriverException) Message: unknown error: stopper is not defined[30mMon Oct  3 14:52:14 2022 Command: (WebDriverException) Message: unknown error: stopper is not defined
  (Session info: chrome=106.0.5249.91)
  (Driver info: chromedriver=2.42.591088 (7b2b2dca23cca0862f674758c9a3933e685c27d5),platform=Windows NT 10.0.19041 x86_64)

[31m[49mTraceback (most recent call last):
  File "C:\Users\Admin\PycharmProjects\parsing\parse_module\utils\provision.py", line 105, in _tryfunc
    result = func(*args, **kwargs)
  File "C:\Users\Admin\PycharmProjects\parsing\parse_module\console\scheme.py", line 40, in handle_scheme
    concat_sectors(scheme, *args)
  File "C:\Users\Admin\PycharmProjects\parsing\parse_module\console\scheme.py", line 93, in concat_sectors
    constructing.change_outline(constructor, main_sector_id)
  File "C:\Users\Admin\PycharmProjects\parsing\parse_module\console\constructing.py", line 96, in change_outline
    outline = get_textfield(driver, textarea)
  File "C:\Users\Admin\PycharmProjects\parsing\parse_module\console\constructing.py", line 102, in get_textfield
    if driver.execute_script("return stopper;"):
  File "C:\Users\Admin\PycharmProjects\parsing\Envs\lib\site-packages\selenium\webdriver\remote\webdriver.py", line 634, in execute_script
    return self.execute(command, {
  File "C:\Users\Admin\PycharmProjects\parsing\Envs\lib\site-packages\selenium\webdriver\remote\webdriver.py", line 321, in execute
    self.error_handler.check_response(response)
  File "C:\Users\Admin\PycharmProjects\parsing\Envs\lib\site-packages\selenium\webdriver\remote\errorhandler.py", line 242, in check_response
    raise exception_class(message, screen, stacktrace)
selenium.common.exceptions.WebDriverException: Message: unknown error: stopper is not defined
  (Session info: chrome=106.0.5249.91)
  (Driver info: chromedriver=2.42.591088 (7b2b2dca23cca0862f674758c9a3933e685c27d5),platform=Windows NT 10.0.19041 x86_64)

[30m
[33m[49m | . ∆ду 0.5с[30m
Mon Oct  3 14:54:16 2022 [31m[49mCommand: (WebDriverException) Message: unknown error: stopper is not defined[30mMon Oct  3 14:54:16 2022 Command: (WebDriverException) Message: unknown error: stopper is not defined
  (Session info: chrome=106.0.5249.91)
  (Driver info: chromedriver=2.42.591088 (7b2b2dca23cca0862f674758c9a3933e685c27d5),platform=Windows NT 10.0.19041 x86_64)

[31m[49mTraceback (most recent call last):
  File "C:\Users\Admin\PycharmProjects\parsing\parse_module\utils\provision.py", line 105, in _tryfunc
    result = func(*args, **kwargs)
  File "C:\Users\Admin\PycharmProjects\parsing\parse_module\console\scheme.py", line 40, in handle_scheme
    concat_sectors(scheme, *args)
  File "C:\Users\Admin\PycharmProjects\parsing\parse_module\console\scheme.py", line 93, in concat_sectors
    constructing.change_outline(constructor, main_sector_id)
  File "C:\Users\Admin\PycharmProjects\parsing\parse_module\console\constructing.py", line 97, in change_outline
    outline = get_textfield(driver, textarea)
  File "C:\Users\Admin\PycharmProjects\parsing\parse_module\console\constructing.py", line 103, in get_textfield
    if driver.execute_script("return stopper;"):
  File "C:\Users\Admin\PycharmProjects\parsing\Envs\lib\site-packages\selenium\webdriver\remote\webdriver.py", line 634, in execute_script
    return self.execute(command, {
  File "C:\Users\Admin\PycharmProjects\parsing\Envs\lib\site-packages\selenium\webdriver\remote\webdriver.py", line 321, in execute
    self.error_handler.check_response(response)
  File "C:\Users\Admin\PycharmProjects\parsing\Envs\lib\site-packages\selenium\webdriver\remote\errorhandler.py", line 242, in check_response
    raise exception_class(message, screen, stacktrace)
selenium.common.exceptions.WebDriverException: Message: unknown error: stopper is not defined
  (Session info: chrome=106.0.5249.91)
  (Driver info: chromedriver=2.42.591088 (7b2b2dca23cca0862f674758c9a3933e685c27d5),platform=Windows NT 10.0.19041 x86_64)

[30m
[33m[49m | . ∆ду 0.5с[30m
Mon Oct  3 14:56:08 2022 [31m[49mCommand: (WebDriverException) Message: unknown error: stopper is not defined[30mMon Oct  3 14:56:08 2022 Command: (WebDriverException) Message: unknown error: stopper is not defined
  (Session info: chrome=106.0.5249.91)
  (Driver info: chromedriver=2.42.591088 (7b2b2dca23cca0862f674758c9a3933e685c27d5),platform=Windows NT 10.0.19041 x86_64)

[31m[49mTraceback (most recent call last):
  File "C:\Users\Admin\PycharmProjects\parsing\parse_module\utils\provision.py", line 105, in _tryfunc
    result = func(*args, **kwargs)
  File "C:\Users\Admin\PycharmProjects\parsing\parse_module\console\scheme.py", line 40, in handle_scheme
    concat_sectors(scheme, *args)
  File "C:\Users\Admin\PycharmProjects\parsing\parse_module\console\scheme.py", line 93, in concat_sectors
    constructing.change_outline(constructor, main_sector_id)
  File "C:\Users\Admin\PycharmProjects\parsing\parse_module\console\constructing.py", line 101, in change_outline
    outline = get_textfield(driver, textarea)
  File "C:\Users\Admin\PycharmProjects\parsing\parse_module\console\constructing.py", line 107, in get_textfield
    if driver.execute_script("return stopper;"):
  File "C:\Users\Admin\PycharmProjects\parsing\Envs\lib\site-packages\selenium\webdriver\remote\webdriver.py", line 634, in execute_script
    return self.execute(command, {
  File "C:\Users\Admin\PycharmProjects\parsing\Envs\lib\site-packages\selenium\webdriver\remote\webdriver.py", line 321, in execute
    self.error_handler.check_response(response)
  File "C:\Users\Admin\PycharmProjects\parsing\Envs\lib\site-packages\selenium\webdriver\remote\errorhandler.py", line 242, in check_response
    raise exception_class(message, screen, stacktrace)
selenium.common.exceptions.WebDriverException: Message: unknown error: stopper is not defined
  (Session info: chrome=106.0.5249.91)
  (Driver info: chromedriver=2.42.591088 (7b2b2dca23cca0862f674758c9a3933e685c27d5),platform=Windows NT 10.0.19041 x86_64)

[30m
[33m[49m | . ∆ду 0.5с[30m
Mon Oct  3 14:57:21 2022 [31m[49mCommand: (WebDriverException) Message: unknown error: stopper is not defined[30mMon Oct  3 14:57:21 2022 Command: (WebDriverException) Message: unknown error: stopper is not defined
  (Session info: chrome=106.0.5249.91)
  (Driver info: chromedriver=2.42.591088 (7b2b2dca23cca0862f674758c9a3933e685c27d5),platform=Windows NT 10.0.19041 x86_64)

[31m[49mTraceback (most recent call last):
  File "C:\Users\Admin\PycharmProjects\parsing\parse_module\utils\provision.py", line 105, in _tryfunc
    result = func(*args, **kwargs)
  File "C:\Users\Admin\PycharmProjects\parsing\parse_module\console\scheme.py", line 40, in handle_scheme
    concat_sectors(scheme, *args)
  File "C:\Users\Admin\PycharmProjects\parsing\parse_module\console\scheme.py", line 93, in concat_sectors
    constructing.change_outline(constructor, main_sector_id)
  File "C:\Users\Admin\PycharmProjects\parsing\parse_module\console\constructing.py", line 97, in change_outline
    outline = get_textfield(driver, textarea)
  File "C:\Users\Admin\PycharmProjects\parsing\parse_module\console\constructing.py", line 103, in get_textfield
    if driver.execute_script("return stopper;"):
  File "C:\Users\Admin\PycharmProjects\parsing\Envs\lib\site-packages\selenium\webdriver\remote\webdriver.py", line 634, in execute_script
    return self.execute(command, {
  File "C:\Users\Admin\PycharmProjects\parsing\Envs\lib\site-packages\selenium\webdriver\remote\webdriver.py", line 321, in execute
    self.error_handler.check_response(response)
  File "C:\Users\Admin\PycharmProjects\parsing\Envs\lib\site-packages\selenium\webdriver\remote\errorhandler.py", line 242, in check_response
    raise exception_class(message, screen, stacktrace)
selenium.common.exceptions.WebDriverException: Message: unknown error: stopper is not defined
  (Session info: chrome=106.0.5249.91)
  (Driver info: chromedriver=2.42.591088 (7b2b2dca23cca0862f674758c9a3933e685c27d5),platform=Windows NT 10.0.19041 x86_64)

[30m
[33m[49m | . ∆ду 0.5с[30m
Mon Oct  3 14:58:00 2022 [31m[49mCommand: (WebDriverException) Message: unknown error: stopper is not defined[30mMon Oct  3 14:58:00 2022 Command: (WebDriverException) Message: unknown error: stopper is not defined
  (Session info: chrome=106.0.5249.91)
  (Driver info: chromedriver=2.42.591088 (7b2b2dca23cca0862f674758c9a3933e685c27d5),platform=Windows NT 10.0.19041 x86_64)

[31m[49mTraceback (most recent call last):
  File "C:\Users\Admin\PycharmProjects\parsing\parse_module\utils\provision.py", line 105, in _tryfunc
    result = func(*args, **kwargs)
  File "C:\Users\Admin\PycharmProjects\parsing\parse_module\console\scheme.py", line 40, in handle_scheme
    concat_sectors(scheme, *args)
  File "C:\Users\Admin\PycharmProjects\parsing\parse_module\console\scheme.py", line 93, in concat_sectors
    constructing.change_outline(constructor, main_sector_id)
  File "C:\Users\Admin\PycharmProjects\parsing\parse_module\console\constructing.py", line 97, in change_outline
    outline = get_textfield(driver, textarea)
  File "C:\Users\Admin\PycharmProjects\parsing\parse_module\console\constructing.py", line 103, in get_textfield
    if driver.execute_script("return stopper;"):
  File "C:\Users\Admin\PycharmProjects\parsing\Envs\lib\site-packages\selenium\webdriver\remote\webdriver.py", line 634, in execute_script
    return self.execute(command, {
  File "C:\Users\Admin\PycharmProjects\parsing\Envs\lib\site-packages\selenium\webdriver\remote\webdriver.py", line 321, in execute
    self.error_handler.check_response(response)
  File "C:\Users\Admin\PycharmProjects\parsing\Envs\lib\site-packages\selenium\webdriver\remote\errorhandler.py", line 242, in check_response
    raise exception_class(message, screen, stacktrace)
selenium.common.exceptions.WebDriverException: Message: unknown error: stopper is not defined
  (Session info: chrome=106.0.5249.91)
  (Driver info: chromedriver=2.42.591088 (7b2b2dca23cca0862f674758c9a3933e685c27d5),platform=Windows NT 10.0.19041 x86_64)

[30m
[33m[49m | . ∆ду 0.5с[30m
Mon Oct  3 15:01:35 2022 [31m[49mCommand: (WebDriverException) Message: unknown error: argumets is not defined[30mMon Oct  3 15:01:35 2022 Command: (WebDriverException) Message: unknown error: argumets is not defined
  (Session info: chrome=106.0.5249.91)
  (Driver info: chromedriver=2.42.591088 (7b2b2dca23cca0862f674758c9a3933e685c27d5),platform=Windows NT 10.0.19041 x86_64)

[31m[49mTraceback (most recent call last):
  File "C:\Users\Admin\PycharmProjects\parsing\parse_module\utils\provision.py", line 105, in _tryfunc
    result = func(*args, **kwargs)
  File "C:\Users\Admin\PycharmProjects\parsing\parse_module\console\scheme.py", line 40, in handle_scheme
    concat_sectors(scheme, *args)
  File "C:\Users\Admin\PycharmProjects\parsing\parse_module\console\scheme.py", line 93, in concat_sectors
    constructing.change_outline(constructor, main_sector_id)
  File "C:\Users\Admin\PycharmProjects\parsing\parse_module\console\constructing.py", line 96, in change_outline
    outline = get_textfield(driver, textarea)
  File "C:\Users\Admin\PycharmProjects\parsing\parse_module\console\constructing.py", line 104, in get_textfield
    return driver.execute_script("return argumets[0].value;", textarea)
  File "C:\Users\Admin\PycharmProjects\parsing\Envs\lib\site-packages\selenium\webdriver\remote\webdriver.py", line 634, in execute_script
    return self.execute(command, {
  File "C:\Users\Admin\PycharmProjects\parsing\Envs\lib\site-packages\selenium\webdriver\remote\webdriver.py", line 321, in execute
    self.error_handler.check_response(response)
  File "C:\Users\Admin\PycharmProjects\parsing\Envs\lib\site-packages\selenium\webdriver\remote\errorhandler.py", line 242, in check_response
    raise exception_class(message, screen, stacktrace)
selenium.common.exceptions.WebDriverException: Message: unknown error: argumets is not defined
  (Session info: chrome=106.0.5249.91)
  (Driver info: chromedriver=2.42.591088 (7b2b2dca23cca0862f674758c9a3933e685c27d5),platform=Windows NT 10.0.19041 x86_64)

[30m
[33m[49m | . ∆ду 0.5с[30m
Mon Oct  3 15:04:27 2022 [31m[49mCommand: (StaleElementReferenceException) Message: stale element reference: element is not attached to the page document[30mMon Oct  3 15:04:27 2022 Command: (StaleElementReferenceException) Message: stale element reference: element is not attached to the page document
  (Session info: chrome=106.0.5249.91)
  (Driver info: chromedriver=2.42.591088 (7b2b2dca23cca0862f674758c9a3933e685c27d5),platform=Windows NT 10.0.19041 x86_64)

[31m[49mTraceback (most recent call last):
  File "C:\Users\Admin\PycharmProjects\parsing\parse_module\utils\provision.py", line 105, in _tryfunc
    result = func(*args, **kwargs)
  File "C:\Users\Admin\PycharmProjects\parsing\parse_module\console\scheme.py", line 40, in handle_scheme
    concat_sectors(scheme, *args)
  File "C:\Users\Admin\PycharmProjects\parsing\parse_module\console\scheme.py", line 93, in concat_sectors
    constructing.change_outline(constructor, main_sector_id)
  File "C:\Users\Admin\PycharmProjects\parsing\parse_module\console\constructing.py", line 96, in change_outline
    outline = get_textfield(driver, textarea)
  File "C:\Users\Admin\PycharmProjects\parsing\parse_module\console\constructing.py", line 105, in get_textfield
    return driver.execute_script("return arguments[0].value;", textarea)
  File "C:\Users\Admin\PycharmProjects\parsing\Envs\lib\site-packages\selenium\webdriver\remote\webdriver.py", line 634, in execute_script
    return self.execute(command, {
  File "C:\Users\Admin\PycharmProjects\parsing\Envs\lib\site-packages\selenium\webdriver\remote\webdriver.py", line 321, in execute
    self.error_handler.check_response(response)
  File "C:\Users\Admin\PycharmProjects\parsing\Envs\lib\site-packages\selenium\webdriver\remote\errorhandler.py", line 242, in check_response
    raise exception_class(message, screen, stacktrace)
selenium.common.exceptions.StaleElementReferenceException: Message: stale element reference: element is not attached to the page document
  (Session info: chrome=106.0.5249.91)
  (Driver info: chromedriver=2.42.591088 (7b2b2dca23cca0862f674758c9a3933e685c27d5),platform=Windows NT 10.0.19041 x86_64)

[30m
[33m[49m | . ∆ду 0.5с[30m
Mon Oct  3 15:27:08 2022 Ћожь во спас 18окт19 Ћенком-ќсновна€| [31m[49mMain: (UnicodeDecodeError) 'utf-8' codec can't decode byte 0xff in position 0: invalid start byte[30mMon Oct  3 15:27:08 2022 Ћожь во спас 18окт19 Ћенком-ќсновна€| Main: (UnicodeDecodeError) 'utf-8' codec can't decode byte 0xff in position 0: invalid start byte
[31m[49mTraceback (most recent call last):
  File "C:\Users\Admin\PycharmProjects\parsing\parse_module\utils\provision.py", line 105, in _tryfunc
    result = func(*args, **kwargs)
  File "C:\Users\Admin\PycharmProjects\parsing\parse_module\models\parser.py", line 193, in run_try
    self.body()
  File "C:\Users\Admin\PycharmProjects\parsing\parsers\ticketland_ru_seats.py", line 128, in body
    self.check_sectors()
  File "C:\Users\Admin\PycharmProjects\parsing\parse_module\models\parser.py", line 176, in check_sectors
    input(utils.green('Press enter to continue...'))
  File "C:\Users\Admin\AppData\Local\Programs\Python\Python39\lib\codecs.py", line 322, in decode
    (result, consumed) = self._buffer_decode(data, self.errors, final)
UnicodeDecodeError: 'utf-8' codec can't decode byte 0xff in position 0: invalid start byte
[30m
[33m[49m | . ∆ду 0.5с[30m
Mon Oct  3 18:11:46 2022 [31m[49mCommand: (TimeoutException) Message: [30mMon Oct  3 18:11:46 2022 Command: (TimeoutException) Message: 

[31m[49mTraceback (most recent call last):
  File "C:\Users\Admin\PycharmProjects\parsing\parse_module\utils\provision.py", line 105, in _tryfunc
    result = func(*args, **kwargs)
  File "C:\Users\Admin\PycharmProjects\parsing\parse_module\console\scheme.py", line 40, in handle_scheme
    concat_sectors(scheme, *args)
  File "C:\Users\Admin\PycharmProjects\parsing\parse_module\console\scheme.py", line 93, in concat_sectors
    constructing.change_outline(constructor, main_sector_id)
  File "C:\Users\Admin\PycharmProjects\parsing\parse_module\console\constructing.py", line 97, in change_outline
    driver.expl_wait('xpath', xpath)
  File "C:\Users\Admin\PycharmProjects\parsing\parse_module\drivers\selenium.py", line 81, in expl_wait
    WebDriverWait(self, wait_time).until(valued_condition)
  File "C:\Users\Admin\PycharmProjects\parsing\Envs\lib\site-packages\selenium\webdriver\support\wait.py", line 80, in until
    raise TimeoutException(message, screen, stacktrace)
selenium.common.exceptions.TimeoutException: Message: 

[30m
[33m[49m | . ∆ду 0.5с[30m
Mon Oct  3 18:12:24 2022 [31m[49mCommand: (TimeoutException) Message: [30mMon Oct  3 18:12:24 2022 Command: (TimeoutException) Message: 

[31m[49mTraceback (most recent call last):
  File "C:\Users\Admin\PycharmProjects\parsing\parse_module\utils\provision.py", line 105, in _tryfunc
    result = func(*args, **kwargs)
  File "C:\Users\Admin\PycharmProjects\parsing\parse_module\console\scheme.py", line 40, in handle_scheme
    concat_sectors(scheme, *args)
  File "C:\Users\Admin\PycharmProjects\parsing\parse_module\console\scheme.py", line 93, in concat_sectors
    constructing.change_outline(constructor, main_sector_id)
  File "C:\Users\Admin\PycharmProjects\parsing\parse_module\console\constructing.py", line 97, in change_outline
    driver.expl_wait('xpath', xpath)
  File "C:\Users\Admin\PycharmProjects\parsing\parse_module\drivers\selenium.py", line 81, in expl_wait
    WebDriverWait(self, wait_time).until(valued_condition)
  File "C:\Users\Admin\PycharmProjects\parsing\Envs\lib\site-packages\selenium\webdriver\support\wait.py", line 80, in until
    raise TimeoutException(message, screen, stacktrace)
selenium.common.exceptions.TimeoutException: Message: 

[30m
[33m[49m | . ∆ду 0.5с[30m
Mon Oct  3 18:15:16 2022 [31m[49mCommand: (InvalidElementStateException) Message: invalid element state: Element must be user-editable in order to clear it.[30mMon Oct  3 18:15:16 2022 Command: (InvalidElementStateException) Message: invalid element state: Element must be user-editable in order to clear it.
  (Session info: chrome=106.0.5249.91)
  (Driver info: chromedriver=2.42.591088 (7b2b2dca23cca0862f674758c9a3933e685c27d5),platform=Windows NT 10.0.19041 x86_64)

[31m[49mTraceback (most recent call last):
  File "C:\Users\Admin\PycharmProjects\parsing\parse_module\utils\provision.py", line 105, in _tryfunc
    result = func(*args, **kwargs)
  File "C:\Users\Admin\PycharmProjects\parsing\parse_module\console\scheme.py", line 40, in handle_scheme
    concat_sectors(scheme, *args)
  File "C:\Users\Admin\PycharmProjects\parsing\parse_module\console\scheme.py", line 93, in concat_sectors
    constructing.change_outline(constructor, main_sector_id)
  File "C:\Users\Admin\PycharmProjects\parsing\parse_module\console\constructing.py", line 100, in change_outline
    textarea.clear()
  File "C:\Users\Admin\PycharmProjects\parsing\Envs\lib\site-packages\selenium\webdriver\remote\webelement.py", line 95, in clear
    self._execute(Command.CLEAR_ELEMENT)
  File "C:\Users\Admin\PycharmProjects\parsing\Envs\lib\site-packages\selenium\webdriver\remote\webelement.py", line 633, in _execute
    return self._parent.execute(command, params)
  File "C:\Users\Admin\PycharmProjects\parsing\Envs\lib\site-packages\selenium\webdriver\remote\webdriver.py", line 321, in execute
    self.error_handler.check_response(response)
  File "C:\Users\Admin\PycharmProjects\parsing\Envs\lib\site-packages\selenium\webdriver\remote\errorhandler.py", line 242, in check_response
    raise exception_class(message, screen, stacktrace)
selenium.common.exceptions.InvalidElementStateException: Message: invalid element state: Element must be user-editable in order to clear it.
  (Session info: chrome=106.0.5249.91)
  (Driver info: chromedriver=2.42.591088 (7b2b2dca23cca0862f674758c9a3933e685c27d5),platform=Windows NT 10.0.19041 x86_64)

[30m
[33m[49m | . ∆ду 0.5с[30m
Mon Oct  3 18:24:13 2022 [31m[49mCommand: (WebDriverException) Message: unknown error: Cannot set properties of undefined (setting 'value')[30mMon Oct  3 18:24:13 2022 Command: (WebDriverException) Message: unknown error: Cannot set properties of undefined (setting 'value')
  (Session info: chrome=106.0.5249.91)
  (Driver info: chromedriver=2.42.591088 (7b2b2dca23cca0862f674758c9a3933e685c27d5),platform=Windows NT 10.0.19041 x86_64)

[31m[49mTraceback (most recent call last):
  File "C:\Users\Admin\PycharmProjects\parsing\parse_module\utils\provision.py", line 105, in _tryfunc
    result = func(*args, **kwargs)
  File "C:\Users\Admin\PycharmProjects\parsing\parse_module\console\scheme.py", line 40, in handle_scheme
    concat_sectors(scheme, *args)
  File "C:\Users\Admin\PycharmProjects\parsing\parse_module\console\scheme.py", line 93, in concat_sectors
    constructing.change_outline(constructor, main_sector_id)
  File "C:\Users\Admin\PycharmProjects\parsing\parse_module\console\constructing.py", line 107, in change_outline
    driver.execute_script(f'var textArea = document.querySelectorA'
  File "C:\Users\Admin\PycharmProjects\parsing\Envs\lib\site-packages\selenium\webdriver\remote\webdriver.py", line 634, in execute_script
    return self.execute(command, {
  File "C:\Users\Admin\PycharmProjects\parsing\Envs\lib\site-packages\selenium\webdriver\remote\webdriver.py", line 321, in execute
    self.error_handler.check_response(response)
  File "C:\Users\Admin\PycharmProjects\parsing\Envs\lib\site-packages\selenium\webdriver\remote\errorhandler.py", line 242, in check_response
    raise exception_class(message, screen, stacktrace)
selenium.common.exceptions.WebDriverException: Message: unknown error: Cannot set properties of undefined (setting 'value')
  (Session info: chrome=106.0.5249.91)
  (Driver info: chromedriver=2.42.591088 (7b2b2dca23cca0862f674758c9a3933e685c27d5),platform=Windows NT 10.0.19041 x86_64)

[30m
[33m[49m | . ∆ду 0.5с[30m
Mon Oct  3 18:24:40 2022 [31m[49mCommand: (WebDriverException) Message: unknown error: Cannot set properties of undefined (setting 'value')[30mMon Oct  3 18:24:40 2022 Command: (WebDriverException) Message: unknown error: Cannot set properties of undefined (setting 'value')
  (Session info: chrome=106.0.5249.91)
  (Driver info: chromedriver=2.42.591088 (7b2b2dca23cca0862f674758c9a3933e685c27d5),platform=Windows NT 10.0.19041 x86_64)

[31m[49mTraceback (most recent call last):
  File "C:\Users\Admin\PycharmProjects\parsing\parse_module\utils\provision.py", line 105, in _tryfunc
    result = func(*args, **kwargs)
  File "C:\Users\Admin\PycharmProjects\parsing\parse_module\console\scheme.py", line 40, in handle_scheme
    concat_sectors(scheme, *args)
  File "C:\Users\Admin\PycharmProjects\parsing\parse_module\console\scheme.py", line 93, in concat_sectors
    constructing.change_outline(constructor, main_sector_id)
  File "C:\Users\Admin\PycharmProjects\parsing\parse_module\console\constructing.py", line 107, in change_outline
    driver.execute_script(f'var textArea = document.querySelectorA'
  File "C:\Users\Admin\PycharmProjects\parsing\Envs\lib\site-packages\selenium\webdriver\remote\webdriver.py", line 634, in execute_script
    return self.execute(command, {
  File "C:\Users\Admin\PycharmProjects\parsing\Envs\lib\site-packages\selenium\webdriver\remote\webdriver.py", line 321, in execute
    self.error_handler.check_response(response)
  File "C:\Users\Admin\PycharmProjects\parsing\Envs\lib\site-packages\selenium\webdriver\remote\errorhandler.py", line 242, in check_response
    raise exception_class(message, screen, stacktrace)
selenium.common.exceptions.WebDriverException: Message: unknown error: Cannot set properties of undefined (setting 'value')
  (Session info: chrome=106.0.5249.91)
  (Driver info: chromedriver=2.42.591088 (7b2b2dca23cca0862f674758c9a3933e685c27d5),platform=Windows NT 10.0.19041 x86_64)

[30m
[33m[49m | . ∆ду 0.5с[30m
Mon Oct  3 18:46:47 2022 [31m[49mCommand: (AttributeError) 'dict' object has no attribute 'strip'[30mMon Oct  3 18:46:47 2022 Command: (AttributeError) 'dict' object has no attribute 'strip'
[31m[49mTraceback (most recent call last):
  File "C:\Users\Admin\PycharmProjects\parsing\parse_module\utils\provision.py", line 105, in _tryfunc
    result = func(*args, **kwargs)
  File "C:\Users\Admin\PycharmProjects\parsing\parse_module\console\scheme.py", line 40, in handle_scheme
    concat_sectors(scheme, *args)
  File "C:\Users\Admin\PycharmProjects\parsing\parse_module\console\scheme.py", line 92, in concat_sectors
    constructing.delete_sectors(constructor, sector_ids, main_sector_id=main_sector_id)
  File "C:\Users\Admin\PycharmProjects\parsing\parse_module\console\constructing.py", line 60, in delete_sectors
    main_sector['outline'] += ' ' + outline.strip()
AttributeError: 'dict' object has no attribute 'strip'
[30m
[33m[49m | . ∆ду 0.5с[30m
Tue Oct  4 08:06:38 2022 [31m[49mCommand: (NoSuchElementException) Message: no such element: Unable to locate element: {"method":"xpath","selector":"//*[@class='panel-info ng-tns-c83-8 ng-star-inserted']"}[30mTue Oct  4 08:06:38 2022 Command: (NoSuchElementException) Message: no such element: Unable to locate element: {"method":"xpath","selector":"//*[@class='panel-info ng-tns-c83-8 ng-star-inserted']"}
  (Session info: chrome=106.0.5249.91)
  (Driver info: chromedriver=2.42.591088 (7b2b2dca23cca0862f674758c9a3933e685c27d5),platform=Windows NT 10.0.19041 x86_64)

[31m[49mTraceback (most recent call last):
  File "C:\Users\Admin\PycharmProjects\parsing\parse_module\utils\provision.py", line 105, in _tryfunc
    result = func(*args, **kwargs)
  File "C:\Users\Admin\PycharmProjects\parsing\parse_module\console\scheme.py", line 40, in handle_scheme
    concat_sectors(scheme, *args)
  File "C:\Users\Admin\PycharmProjects\parsing\parse_module\console\scheme.py", line 94, in concat_sectors
    constructing.change_outline(constructor, new_main_id)
  File "C:\Users\Admin\PycharmProjects\parsing\parse_module\console\constructing.py", line 99, in change_outline
    while driver.find_element_by_class_names(class_names).text == '265':
  File "C:\Users\Admin\PycharmProjects\parsing\parse_module\drivers\selenium.py", line 85, in find_element_by_class_names
    return self.find_element('xpath', xpath)
  File "C:\Users\Admin\PycharmProjects\parsing\Envs\lib\site-packages\selenium\webdriver\remote\webdriver.py", line 976, in find_element
    return self.execute(Command.FIND_ELEMENT, {
  File "C:\Users\Admin\PycharmProjects\parsing\Envs\lib\site-packages\selenium\webdriver\remote\webdriver.py", line 321, in execute
    self.error_handler.check_response(response)
  File "C:\Users\Admin\PycharmProjects\parsing\Envs\lib\site-packages\selenium\webdriver\remote\errorhandler.py", line 242, in check_response
    raise exception_class(message, screen, stacktrace)
selenium.common.exceptions.NoSuchElementException: Message: no such element: Unable to locate element: {"method":"xpath","selector":"//*[@class='panel-info ng-tns-c83-8 ng-star-inserted']"}
  (Session info: chrome=106.0.5249.91)
  (Driver info: chromedriver=2.42.591088 (7b2b2dca23cca0862f674758c9a3933e685c27d5),platform=Windows NT 10.0.19041 x86_64)

[30m
[33m[49m | . ∆ду 0.5с[30m
Tue Oct  4 17:07:00 2022 ticketland.ru.MKHTParser| [31m[49mGroup: (ValueError) too many values to unpack (expected 7)[30mTue Oct  4 17:07:00 2022 ticketland.ru.MKHTParser| Group: (ValueError) too many values to unpack (expected 7)
[31m[49mTraceback (most recent call last):
  File "C:\Users\Admin\PycharmProjects\parsing\parse_module\utils\provision.py", line 105, in _tryfunc
    result = func(*args, **kwargs)
  File "C:\Users\Admin\PycharmProjects\parsing\parse_module\models\group.py", line 85, in _start_parser_and_add_data
    parser = self.parser_class(self.controller, *event_data[3:], scheme, priority, **extra)
  File "C:\Users\Admin\PycharmProjects\parsing\parsers\ticketland_ru_seats.py", line 135, in __init__
    super().__init__(self, *args, **extra)
  File "C:\Users\Admin\PycharmProjects\parsing\parsers\ticketland_ru_seats.py", line 14, in __init__
    super().__init__(*args, **extra)
  File "C:\Users\Admin\PycharmProjects\parsing\parse_module\models\parser.py", line 76, in __init__
    self.event_name, self.url, self.date, \
ValueError: too many values to unpack (expected 7)
[30m
[33m[49m | . ∆ду 0.5с[30m
Tue Oct  4 17:07:56 2022 ticketland.ru.MKHTParser| [31m[49mGroup: (ValueError) too many values to unpack (expected 7)[30mTue Oct  4 17:07:56 2022 ticketland.ru.MKHTParser| Group: (ValueError) too many values to unpack (expected 7)
[31m[49mTraceback (most recent call last):
  File "C:\Users\Admin\PycharmProjects\parsing\parse_module\utils\provision.py", line 105, in _tryfunc
    result = func(*args, **kwargs)
  File "C:\Users\Admin\PycharmProjects\parsing\parse_module\models\group.py", line 85, in _start_parser_and_add_data
    parser = self.parser_class(self.controller, *event_data[3:], scheme, priority, **extra)
  File "C:\Users\Admin\PycharmProjects\parsing\parsers\ticketland_ru_seats.py", line 135, in __init__
    super().__init__(self, *args, **extra)
  File "C:\Users\Admin\PycharmProjects\parsing\parsers\ticketland_ru_seats.py", line 14, in __init__
    super().__init__(*args, **extra)
  File "C:\Users\Admin\PycharmProjects\parsing\parse_module\models\parser.py", line 76, in __init__
    self.event_name, self.url, self.date, \
ValueError: too many values to unpack (expected 7)
[30m
[33m[49m | . ∆ду 0.5с[30m
Tue Oct  4 17:07:57 2022 ticketland.ru.MKHTParser| [31m[49mGroup: (ValueError) too many values to unpack (expected 7)[30mTue Oct  4 17:07:57 2022 ticketland.ru.MKHTParser| Group: (ValueError) too many values to unpack (expected 7)
[31m[49mTraceback (most recent call last):
  File "C:\Users\Admin\PycharmProjects\parsing\parse_module\utils\provision.py", line 105, in _tryfunc
    result = func(*args, **kwargs)
  File "C:\Users\Admin\PycharmProjects\parsing\parse_module\models\group.py", line 85, in _start_parser_and_add_data
    parser = self.parser_class(self.controller, *event_data[3:], scheme, priority, **extra)
  File "C:\Users\Admin\PycharmProjects\parsing\parsers\ticketland_ru_seats.py", line 135, in __init__
    super().__init__(self, *args, **extra)
  File "C:\Users\Admin\PycharmProjects\parsing\parsers\ticketland_ru_seats.py", line 14, in __init__
    super().__init__(*args, **extra)
  File "C:\Users\Admin\PycharmProjects\parsing\parse_module\models\parser.py", line 76, in __init__
    self.event_name, self.url, self.date, \
ValueError: too many values to unpack (expected 7)
[30m
[33m[49m | . ∆ду 1.2с[30m
Tue Oct  4 17:08:40 2022 ticketland.ru.MKHTParser| [31m[49mGroup: (ValueError) too many values to unpack (expected 7)[30mTue Oct  4 17:08:40 2022 ticketland.ru.MKHTParser| Group: (ValueError) too many values to unpack (expected 7)
[31m[49mTraceback (most recent call last):
  File "C:\Users\Admin\PycharmProjects\parsing\parse_module\utils\provision.py", line 105, in _tryfunc
    result = func(*args, **kwargs)
  File "C:\Users\Admin\PycharmProjects\parsing\parse_module\models\group.py", line 85, in _start_parser_and_add_data
    parser = self.parser_class(self.controller, *event_data[3:], scheme, priority, **extra)
  File "C:\Users\Admin\PycharmProjects\parsing\parsers\ticketland_ru_seats.py", line 135, in __init__
    super().__init__(self, *args, **extra)
  File "C:\Users\Admin\PycharmProjects\parsing\parsers\ticketland_ru_seats.py", line 14, in __init__
    super().__init__(*args, **extra)
  File "C:\Users\Admin\PycharmProjects\parsing\parse_module\models\parser.py", line 76, in __init__
    self.event_name, self.url, self.date, \
ValueError: too many values to unpack (expected 7)
[30m
[33m[49m | . ∆ду 0.5с[30m
Tue Oct  4 17:08:41 2022 ticketland.ru.MKHTParser| [31m[49mGroup: (ValueError) too many values to unpack (expected 7)[30mTue Oct  4 17:08:41 2022 ticketland.ru.MKHTParser| Group: (ValueError) too many values to unpack (expected 7)
[31m[49mTraceback (most recent call last):
  File "C:\Users\Admin\PycharmProjects\parsing\parse_module\utils\provision.py", line 105, in _tryfunc
    result = func(*args, **kwargs)
  File "C:\Users\Admin\PycharmProjects\parsing\parse_module\models\group.py", line 85, in _start_parser_and_add_data
    parser = self.parser_class(self.controller, *event_data[3:], scheme, priority, **extra)
  File "C:\Users\Admin\PycharmProjects\parsing\parsers\ticketland_ru_seats.py", line 135, in __init__
    super().__init__(self, *args, **extra)
  File "C:\Users\Admin\PycharmProjects\parsing\parsers\ticketland_ru_seats.py", line 14, in __init__
    super().__init__(*args, **extra)
  File "C:\Users\Admin\PycharmProjects\parsing\parse_module\models\parser.py", line 76, in __init__
    self.event_name, self.url, self.date, \
ValueError: too many values to unpack (expected 7)
[30m
[33m[49m | . ∆ду 1.2с[30m
Tue Oct  4 17:08:51 2022 ticketland.ru.MKHTParser| [31m[49mGroup: (ValueError) too many values to unpack (expected 7)[30mTue Oct  4 17:08:51 2022 ticketland.ru.MKHTParser| Group: (ValueError) too many values to unpack (expected 7)
[31m[49mTraceback (most recent call last):
  File "C:\Users\Admin\PycharmProjects\parsing\parse_module\utils\provision.py", line 105, in _tryfunc
    result = func(*args, **kwargs)
  File "C:\Users\Admin\PycharmProjects\parsing\parse_module\models\group.py", line 85, in _start_parser_and_add_data
    parser = self.parser_class(self.controller, *event_data[3:], scheme, priority, **extra)
  File "C:\Users\Admin\PycharmProjects\parsing\parsers\ticketland_ru_seats.py", line 135, in __init__
    super().__init__(self, *args, **extra)
  File "C:\Users\Admin\PycharmProjects\parsing\parsers\ticketland_ru_seats.py", line 14, in __init__
    super().__init__(*args, **extra)
  File "C:\Users\Admin\PycharmProjects\parsing\parse_module\models\parser.py", line 77, in __init__
    self.event_name, self.url, self.date, \
ValueError: too many values to unpack (expected 7)
[30m
[33m[49m | . ∆ду 0.5с[30m
Tue Oct  4 17:13:16 2022  онек-√орбун 13но€18 ћ’“-ќсновна€| [31m[49mMain: (UnicodeDecodeError) 'utf-8' codec can't decode byte 0xff in position 0: invalid start byte[30mTue Oct  4 17:13:16 2022  онек-√орбун 13но€18 ћ’“-ќсновна€| Main: (UnicodeDecodeError) 'utf-8' codec can't decode byte 0xff in position 0: invalid start byte
[31m[49mTraceback (most recent call last):
  File "C:\Users\Admin\PycharmProjects\parsing\parse_module\utils\provision.py", line 105, in _tryfunc
    result = func(*args, **kwargs)
  File "C:\Users\Admin\PycharmProjects\parsing\parse_module\models\parser.py", line 193, in run_try
    self.body()
  File "C:\Users\Admin\PycharmProjects\parsing\parsers\ticketland_ru_seats.py", line 139, in body
    self.check_sectors()
  File "C:\Users\Admin\PycharmProjects\parsing\parse_module\models\parser.py", line 176, in check_sectors
    input(utils.green('Press enter to continue...'))
  File "C:\Users\Admin\AppData\Local\Programs\Python\Python39\lib\codecs.py", line 322, in decode
    (result, consumed) = self._buffer_decode(data, self.errors, final)
UnicodeDecodeError: 'utf-8' codec can't decode byte 0xff in position 0: invalid start byte
[30m
[33m[49m | . ∆ду 0.5с[30m
Tue Oct  4 17:22:35 2022 [31m[49mCommand: (RuntimeError) Found duplicates while merging Ѕельэтаж into ѕартер[30mTue Oct  4 17:22:35 2022 Command: (RuntimeError) Found duplicates while merging Ѕельэтаж into ѕартер
Duplicates are the following:
  (1, 3),(1, 4),(1, 5),(1, 6),(1, 7),(1, 8),(1, 9),(1, 10),(1, 11),(1, 12),(1, 13),(1, 14),(1, 15),(1, 16),(2, 3),(2, 4),(2, 5),(2, 6),(2, 7),(2, 8),(2, 9),(2, 10),(2, 11),(2, 12),(2, 13),(2, 14),(2, 15),(2, 16),(3, 2),(3, 1),(3, 3),(3, 4),(3, 5),(3, 6),(3, 7),(3, 8),(3, 9),(3, 10),(3, 11),(3, 12),(3, 13),(3, 14),(3, 15),(3, 16),(3, 17),(3, 18),(4, 2),(4, 1),(4, 3),(4, 4),(4, 5),(4, 6),(4, 7),(4, 8),(4, 9),(4, 10),(4, 11),(4, 12),(4, 13),(4, 14),(4, 15),(4, 16),(4, 17),(4, 18),(4, 19),(4, 20),(4, 21),(4, 22),(4, 23),(4, 24),(5, 2),(5, 1),(5, 3),(5, 4),(5, 5),(5, 6),(5, 7),(5, 8),(5, 9),(5, 10),(5, 11),(5, 12),(5, 13),(5, 14),(5, 15),(5, 16),(5, 17),(5, 18),(5, 19),(5, 20),(5, 21),(5, 22),(6, 13),(6, 14),(6, 15),(6, 16),(6, 17),(6, 18),(6, 19),(8, 1),(8, 2),(8, 3),(8, 4),(8, 5),(9, 2),(9, 1),(9, 3),(9, 4),(9, 5),(9, 6),(9, 7),(9, 8),(9, 9),(9, 10)
[31m[49mTraceback (most recent call last):
  File "C:\Users\Admin\PycharmProjects\parsing\parse_module\utils\provision.py", line 105, in _tryfunc
    result = func(*args, **kwargs)
  File "C:\Users\Admin\PycharmProjects\parsing\parse_module\console\scheme.py", line 43, in handle_scheme
    concat_sectors(scheme, *args)
  File "C:\Users\Admin\PycharmProjects\parsing\parse_module\console\scheme.py", line 94, in concat_sectors
    constructing.union(main_name, main_sector, *minor_sector)
  File "C:\Users\Admin\PycharmProjects\parsing\parse_module\console\constructing.py", line 26, in union
    raise RuntimeError(f'Found duplicates while merging {minor_name}'
RuntimeError: Found duplicates while merging Ѕельэтаж into ѕартер
Duplicates are the following:
  (1, 3),(1, 4),(1, 5),(1, 6),(1, 7),(1, 8),(1, 9),(1, 10),(1, 11),(1, 12),(1, 13),(1, 14),(1, 15),(1, 16),(2, 3),(2, 4),(2, 5),(2, 6),(2, 7),(2, 8),(2, 9),(2, 10),(2, 11),(2, 12),(2, 13),(2, 14),(2, 15),(2, 16),(3, 2),(3, 1),(3, 3),(3, 4),(3, 5),(3, 6),(3, 7),(3, 8),(3, 9),(3, 10),(3, 11),(3, 12),(3, 13),(3, 14),(3, 15),(3, 16),(3, 17),(3, 18),(4, 2),(4, 1),(4, 3),(4, 4),(4, 5),(4, 6),(4, 7),(4, 8),(4, 9),(4, 10),(4, 11),(4, 12),(4, 13),(4, 14),(4, 15),(4, 16),(4, 17),(4, 18),(4, 19),(4, 20),(4, 21),(4, 22),(4, 23),(4, 24),(5, 2),(5, 1),(5, 3),(5, 4),(5, 5),(5, 6),(5, 7),(5, 8),(5, 9),(5, 10),(5, 11),(5, 12),(5, 13),(5, 14),(5, 15),(5, 16),(5, 17),(5, 18),(5, 19),(5, 20),(5, 21),(5, 22),(6, 13),(6, 14),(6, 15),(6, 16),(6, 17),(6, 18),(6, 19),(8, 1),(8, 2),(8, 3),(8, 4),(8, 5),(9, 2),(9, 1),(9, 3),(9, 4),(9, 5),(9, 6),(9, 7),(9, 8),(9, 9),(9, 10)
[30m
[33m[49m | . ∆ду 0.5с[30m
Tue Oct  4 17:49:13 2022 [31m[49mCommand: (RuntimeError) Found duplicates while merging Ѕельэтаж into ѕартер[30mTue Oct  4 17:49:13 2022 Command: (RuntimeError) Found duplicates while merging Ѕельэтаж into ѕартер
Duplicates are the following:
  (1, 2),(1, 1),(2, 2),(2, 1),(1, 17),(1, 18),(2, 17),(2, 18),(1, 3),(1, 4),(1, 5),(1, 6),(1, 7),(1, 8),(1, 9),(1, 10),(1, 11),(1, 12),(1, 13),(1, 14),(1, 15),(1, 16),(2, 3),(2, 4),(2, 5),(2, 6),(2, 7),(2, 8),(2, 9),(2, 10),(2, 11),(2, 12),(2, 13),(2, 14),(2, 15),(2, 16),(3, 2),(3, 1),(3, 3),(3, 4),(3, 5),(3, 6),(3, 7),(3, 8),(3, 9),(3, 10),(3, 11),(3, 12),(3, 13),(3, 14),(3, 15),(3, 16),(3, 17),(3, 18),(4, 2),(4, 1),(4, 3),(4, 4),(4, 5),(4, 6),(4, 7),(4, 8),(4, 9),(4, 10),(4, 11),(4, 12),(4, 13),(4, 14),(4, 15),(4, 16),(4, 17),(4, 18),(4, 19),(4, 20),(4, 21),(4, 22),(4, 23),(4, 24),(5, 2),(5, 1),(5, 3),(5, 4),(5, 5),(5, 6),(5, 7),(5, 8),(5, 9),(5, 10),(5, 11),(5, 12),(5, 13),(5, 14),(5, 15),(5, 16),(5, 17),(5, 18),(5, 19),(5, 20),(5, 21),(5, 22),(6, 13),(6, 14),(6, 15),(6, 16),(6, 17),(6, 18),(6, 19),(8, 1),(8, 2),(8, 3),(8, 4),(8, 5),(9, 2),(9, 1),(9, 3),(9, 4),(9, 5),(9, 6),(9, 7),(9, 8),(9, 9),(9, 10)
[31m[49mTraceback (most recent call last):
  File "C:\Users\Admin\PycharmProjects\parsing\parse_module\utils\provision.py", line 105, in _tryfunc
    result = func(*args, **kwargs)
  File "C:\Users\Admin\PycharmProjects\parsing\parse_module\console\scheme.py", line 43, in handle_scheme
    concat_sectors(scheme, *args)
  File "C:\Users\Admin\PycharmProjects\parsing\parse_module\console\scheme.py", line 94, in concat_sectors
    constructing.union(main_name, main_sector, *minor_sector)
  File "C:\Users\Admin\PycharmProjects\parsing\parse_module\console\constructing.py", line 26, in union
    raise RuntimeError(f'Found duplicates while merging {minor_name}'
RuntimeError: Found duplicates while merging Ѕельэтаж into ѕартер
Duplicates are the following:
  (1, 2),(1, 1),(2, 2),(2, 1),(1, 17),(1, 18),(2, 17),(2, 18),(1, 3),(1, 4),(1, 5),(1, 6),(1, 7),(1, 8),(1, 9),(1, 10),(1, 11),(1, 12),(1, 13),(1, 14),(1, 15),(1, 16),(2, 3),(2, 4),(2, 5),(2, 6),(2, 7),(2, 8),(2, 9),(2, 10),(2, 11),(2, 12),(2, 13),(2, 14),(2, 15),(2, 16),(3, 2),(3, 1),(3, 3),(3, 4),(3, 5),(3, 6),(3, 7),(3, 8),(3, 9),(3, 10),(3, 11),(3, 12),(3, 13),(3, 14),(3, 15),(3, 16),(3, 17),(3, 18),(4, 2),(4, 1),(4, 3),(4, 4),(4, 5),(4, 6),(4, 7),(4, 8),(4, 9),(4, 10),(4, 11),(4, 12),(4, 13),(4, 14),(4, 15),(4, 16),(4, 17),(4, 18),(4, 19),(4, 20),(4, 21),(4, 22),(4, 23),(4, 24),(5, 2),(5, 1),(5, 3),(5, 4),(5, 5),(5, 6),(5, 7),(5, 8),(5, 9),(5, 10),(5, 11),(5, 12),(5, 13),(5, 14),(5, 15),(5, 16),(5, 17),(5, 18),(5, 19),(5, 20),(5, 21),(5, 22),(6, 13),(6, 14),(6, 15),(6, 16),(6, 17),(6, 18),(6, 19),(8, 1),(8, 2),(8, 3),(8, 4),(8, 5),(9, 2),(9, 1),(9, 3),(9, 4),(9, 5),(9, 6),(9, 7),(9, 8),(9, 9),(9, 10)
[30m
[33m[49m | . ∆ду 0.5с[30m
Wed Oct  5 09:31:43 2022 [31m[49mCommand: (RuntimeError) No command "ыудусе" found[30mWed Oct  5 09:31:43 2022 Command: (RuntimeError) No command "ыудусе" found
[31m[49mTraceback (most recent call last):
  File "C:\Users\Admin\PycharmProjects\parsing\parse_module\utils\provision.py", line 105, in _tryfunc
    result = func(*args, **kwargs)
  File "C:\Users\Admin\PycharmProjects\parsing\parse_module\console\command.py", line 30, in home
    raise RuntimeError(f'No command "{cmd}" found')
RuntimeError: No command "ыудусе" found
[30m
[33m[49m | . ∆ду 0.5с[30m
Wed Oct  5 09:31:44 2022 [31m[49mCommand: (RuntimeError) No command "" found[30mWed Oct  5 09:31:44 2022 Command: (RuntimeError) No command "" found
[31m[49mTraceback (most recent call last):
  File "C:\Users\Admin\PycharmProjects\parsing\parse_module\utils\provision.py", line 105, in _tryfunc
    result = func(*args, **kwargs)
  File "C:\Users\Admin\PycharmProjects\parsing\parse_module\console\command.py", line 30, in home
    raise RuntimeError(f'No command "{cmd}" found')
RuntimeError: No command "" found
[30m
[33m[49m | . ∆ду 0.5с[30m
Wed Oct  5 10:44:12 2022 [31m[49mCommand: (RuntimeError) No command "sel" found[30mWed Oct  5 10:44:12 2022 Command: (RuntimeError) No command "sel" found
[31m[49mTraceback (most recent call last):
  File "C:\Users\Admin\PycharmProjects\parsing\parse_module\utils\provision.py", line 105, in _tryfunc
    result = func(*args, **kwargs)
  File "C:\Users\Admin\PycharmProjects\parsing\parse_module\console\command.py", line 35, in home
    raise RuntimeError(f'No command "{cmd}" found')
RuntimeError: No command "sel" found
[30m
[33m[49m | . ∆ду 0.5с[30m
